error: uncaughtException: FATAL ERROR: jwtPrivateKey is not defined.
Error: FATAL ERROR: jwtPrivateKey is not defined.
    at module.exports (/home/giocom21/nodejs/vidly-api/startup/config.js:5:11)
    at Object.<anonymous> (/home/giocom21/nodejs/vidly-api/index.js:9:28)
    at Module._compile (internal/modules/cjs/loader.js:1063:30)
    at Object.Module._extensions..js (internal/modules/cjs/loader.js:1092:10)
    at Module.load (internal/modules/cjs/loader.js:928:32)
    at Function.Module._load (internal/modules/cjs/loader.js:769:14)
    at Function.executeUserEntryPoint [as runMain] (internal/modules/run_main.js:72:12)
    at internal/main/run_main_module.js:17:47 {"error":{},"stack":"Error: FATAL ERROR: jwtPrivateKey is not defined.\n    at module.exports (/home/giocom21/nodejs/vidly-api/startup/config.js:5:11)\n    at Object.<anonymous> (/home/giocom21/nodejs/vidly-api/index.js:9:28)\n    at Module._compile (internal/modules/cjs/loader.js:1063:30)\n    at Object.Module._extensions..js (internal/modules/cjs/loader.js:1092:10)\n    at Module.load (internal/modules/cjs/loader.js:928:32)\n    at Function.Module._load (internal/modules/cjs/loader.js:769:14)\n    at Function.executeUserEntryPoint [as runMain] (internal/modules/run_main.js:72:12)\n    at internal/main/run_main_module.js:17:47","exception":true,"date":"Wed Jun 02 2021 12:20:47 GMT-0500 (Colombia Standard Time)","process":{"pid":18717,"uid":1000,"gid":1000,"cwd":"/home/giocom21/nodejs/vidly-api","execPath":"/home/giocom21/.nvm/versions/node/v14.16.1/bin/node","version":"v14.16.1","argv":["/home/giocom21/.nvm/versions/node/v14.16.1/bin/node","/home/giocom21/nodejs/vidly-api/index.js"],"memoryUsage":{"rss":75902976,"heapTotal":38223872,"heapUsed":26112760,"external":20600465,"arrayBuffers":19099881}},"os":{"loadavg":[0.12,0.61,0.89],"uptime":9822},"trace":[{"column":11,"file":"/home/giocom21/nodejs/vidly-api/startup/config.js","function":"module.exports","line":5,"method":"exports","native":false},{"column":28,"file":"/home/giocom21/nodejs/vidly-api/index.js","function":null,"line":9,"method":null,"native":false},{"column":30,"file":"internal/modules/cjs/loader.js","function":"Module._compile","line":1063,"method":"_compile","native":false},{"column":10,"file":"internal/modules/cjs/loader.js","function":"Module._extensions..js","line":1092,"method":".js","native":false},{"column":32,"file":"internal/modules/cjs/loader.js","function":"Module.load","line":928,"method":"load","native":false},{"column":14,"file":"internal/modules/cjs/loader.js","function":"Module._load","line":769,"method":"_load","native":false},{"column":12,"file":"internal/modules/run_main.js","function":"Function.executeUserEntryPoint [as runMain]","line":72,"method":"executeUserEntryPoint [as runMain]","native":false},{"column":47,"file":"internal/main/run_main_module.js","function":null,"line":17,"method":null,"native":false}]}
error: uncaughtException: listen EADDRINUSE: address already in use :::3000
Error: listen EADDRINUSE: address already in use :::3000
    at Server.setupListenHandle [as _listen2] (net.js:1318:16)
    at listenInCluster (net.js:1366:12)
    at Server.listen (net.js:1452:7)
    at Function.listen (/home/giocom21/nodejs/vidly-api/node_modules/express/lib/application.js:618:24)
    at Object.<anonymous> (/home/giocom21/nodejs/vidly-api/index.js:14:20)
    at Module._compile (internal/modules/cjs/loader.js:1063:30)
    at Object.Module._extensions..js (internal/modules/cjs/loader.js:1092:10)
    at Module.load (internal/modules/cjs/loader.js:928:32)
    at Function.Module._load (internal/modules/cjs/loader.js:769:14)
    at Function.executeUserEntryPoint [as runMain] (internal/modules/run_main.js:72:12)
    at internal/main/run_main_module.js:17:47 {"error":{"code":"EADDRINUSE","errno":-98,"syscall":"listen","address":"::","port":3000},"stack":"Error: listen EADDRINUSE: address already in use :::3000\n    at Server.setupListenHandle [as _listen2] (net.js:1318:16)\n    at listenInCluster (net.js:1366:12)\n    at Server.listen (net.js:1452:7)\n    at Function.listen (/home/giocom21/nodejs/vidly-api/node_modules/express/lib/application.js:618:24)\n    at Object.<anonymous> (/home/giocom21/nodejs/vidly-api/index.js:14:20)\n    at Module._compile (internal/modules/cjs/loader.js:1063:30)\n    at Object.Module._extensions..js (internal/modules/cjs/loader.js:1092:10)\n    at Module.load (internal/modules/cjs/loader.js:928:32)\n    at Function.Module._load (internal/modules/cjs/loader.js:769:14)\n    at Function.executeUserEntryPoint [as runMain] (internal/modules/run_main.js:72:12)\n    at internal/main/run_main_module.js:17:47","exception":true,"date":"Thu Jun 03 2021 09:53:05 GMT-0500 (Colombia Standard Time)","process":{"pid":9316,"uid":1000,"gid":1000,"cwd":"/home/giocom21/nodejs/vidly-api","execPath":"/home/giocom21/.nvm/versions/node/v14.16.1/bin/node","version":"v14.16.1","argv":["/home/giocom21/.nvm/versions/node/v14.16.1/bin/node","/home/giocom21/nodejs/vidly-api/index.js"],"memoryUsage":{"rss":76746752,"heapTotal":38223872,"heapUsed":26272912,"external":20659343,"arrayBuffers":19140159}},"os":{"loadavg":[0.28,0.38,0.49],"uptime":3101},"trace":[{"column":16,"file":"net.js","function":"Server.setupListenHandle [as _listen2]","line":1318,"method":"setupListenHandle [as _listen2]","native":false},{"column":12,"file":"net.js","function":"listenInCluster","line":1366,"method":null,"native":false},{"column":7,"file":"net.js","function":"Server.listen","line":1452,"method":"listen","native":false},{"column":24,"file":"/home/giocom21/nodejs/vidly-api/node_modules/express/lib/application.js","function":"Function.listen","line":618,"method":"listen","native":false},{"column":20,"file":"/home/giocom21/nodejs/vidly-api/index.js","function":null,"line":14,"method":null,"native":false},{"column":30,"file":"internal/modules/cjs/loader.js","function":"Module._compile","line":1063,"method":"_compile","native":false},{"column":10,"file":"internal/modules/cjs/loader.js","function":"Module._extensions..js","line":1092,"method":".js","native":false},{"column":32,"file":"internal/modules/cjs/loader.js","function":"Module.load","line":928,"method":"load","native":false},{"column":14,"file":"internal/modules/cjs/loader.js","function":"Module._load","line":769,"method":"_load","native":false},{"column":12,"file":"internal/modules/run_main.js","function":"Function.executeUserEntryPoint [as runMain]","line":72,"method":"executeUserEntryPoint [as runMain]","native":false},{"column":47,"file":"internal/main/run_main_module.js","function":null,"line":17,"method":null,"native":false}]}
error: uncaughtException: validObjectId is not defined
ReferenceError: validObjectId is not defined
    at Object.<anonymous> (/home/giocom21/nodejs/vidly-api/src/routes/customers.js:61:37)
    at Module._compile (internal/modules/cjs/loader.js:1063:30)
    at Object.Module._extensions..js (internal/modules/cjs/loader.js:1092:10)
    at Module.load (internal/modules/cjs/loader.js:928:32)
    at Function.Module._load (internal/modules/cjs/loader.js:769:14)
    at Module.require (internal/modules/cjs/loader.js:952:19)
    at require (internal/modules/cjs/helpers.js:88:18)
    at Object.<anonymous> (/home/giocom21/nodejs/vidly-api/startup/routes.js:6:19)
    at Module._compile (internal/modules/cjs/loader.js:1063:30)
    at Object.Module._extensions..js (internal/modules/cjs/loader.js:1092:10)
    at Module.load (internal/modules/cjs/loader.js:928:32)
    at Function.Module._load (internal/modules/cjs/loader.js:769:14)
    at Module.require (internal/modules/cjs/loader.js:952:19)
    at require (internal/modules/cjs/helpers.js:88:18)
    at Object.<anonymous> (/home/giocom21/nodejs/vidly-api/index.js:7:1)
    at Module._compile (internal/modules/cjs/loader.js:1063:30) {"error":{},"stack":"ReferenceError: validObjectId is not defined\n    at Object.<anonymous> (/home/giocom21/nodejs/vidly-api/src/routes/customers.js:61:37)\n    at Module._compile (internal/modules/cjs/loader.js:1063:30)\n    at Object.Module._extensions..js (internal/modules/cjs/loader.js:1092:10)\n    at Module.load (internal/modules/cjs/loader.js:928:32)\n    at Function.Module._load (internal/modules/cjs/loader.js:769:14)\n    at Module.require (internal/modules/cjs/loader.js:952:19)\n    at require (internal/modules/cjs/helpers.js:88:18)\n    at Object.<anonymous> (/home/giocom21/nodejs/vidly-api/startup/routes.js:6:19)\n    at Module._compile (internal/modules/cjs/loader.js:1063:30)\n    at Object.Module._extensions..js (internal/modules/cjs/loader.js:1092:10)\n    at Module.load (internal/modules/cjs/loader.js:928:32)\n    at Function.Module._load (internal/modules/cjs/loader.js:769:14)\n    at Module.require (internal/modules/cjs/loader.js:952:19)\n    at require (internal/modules/cjs/helpers.js:88:18)\n    at Object.<anonymous> (/home/giocom21/nodejs/vidly-api/index.js:7:1)\n    at Module._compile (internal/modules/cjs/loader.js:1063:30)","exception":true,"date":"Thu Jun 03 2021 10:43:46 GMT-0500 (Colombia Standard Time)","process":{"pid":13852,"uid":1000,"gid":1000,"cwd":"/home/giocom21/nodejs/vidly-api","execPath":"/home/giocom21/.nvm/versions/node/v14.16.1/bin/node","version":"v14.16.1","argv":["/home/giocom21/.nvm/versions/node/v14.16.1/bin/node","/home/giocom21/nodejs/vidly-api/index.js"],"memoryUsage":{"rss":79302656,"heapTotal":39149568,"heapUsed":29635824,"external":21154471,"arrayBuffers":19596027}},"os":{"loadavg":[1.45,1.51,1.27],"uptime":6142},"trace":[{"column":37,"file":"/home/giocom21/nodejs/vidly-api/src/routes/customers.js","function":null,"line":61,"method":null,"native":false},{"column":30,"file":"internal/modules/cjs/loader.js","function":"Module._compile","line":1063,"method":"_compile","native":false},{"column":10,"file":"internal/modules/cjs/loader.js","function":"Module._extensions..js","line":1092,"method":".js","native":false},{"column":32,"file":"internal/modules/cjs/loader.js","function":"Module.load","line":928,"method":"load","native":false},{"column":14,"file":"internal/modules/cjs/loader.js","function":"Module._load","line":769,"method":"_load","native":false},{"column":19,"file":"internal/modules/cjs/loader.js","function":"Module.require","line":952,"method":"require","native":false},{"column":18,"file":"internal/modules/cjs/helpers.js","function":"require","line":88,"method":null,"native":false},{"column":19,"file":"/home/giocom21/nodejs/vidly-api/startup/routes.js","function":null,"line":6,"method":null,"native":false},{"column":30,"file":"internal/modules/cjs/loader.js","function":"Module._compile","line":1063,"method":"_compile","native":false},{"column":10,"file":"internal/modules/cjs/loader.js","function":"Module._extensions..js","line":1092,"method":".js","native":false},{"column":32,"file":"internal/modules/cjs/loader.js","function":"Module.load","line":928,"method":"load","native":false},{"column":14,"file":"internal/modules/cjs/loader.js","function":"Module._load","line":769,"method":"_load","native":false},{"column":19,"file":"internal/modules/cjs/loader.js","function":"Module.require","line":952,"method":"require","native":false},{"column":18,"file":"internal/modules/cjs/helpers.js","function":"require","line":88,"method":null,"native":false},{"column":1,"file":"/home/giocom21/nodejs/vidly-api/index.js","function":null,"line":7,"method":null,"native":false},{"column":30,"file":"internal/modules/cjs/loader.js","function":"Module._compile","line":1063,"method":"_compile","native":false}]}
error: uncaughtException: Unexpected identifier
/home/giocom21/nodejs/vidly-api/src/routes/customers.js:64
  if (!customer) retunr res.status(404).send('The customer with the given ID was not found.');
                        ^^^

SyntaxError: Unexpected identifier
    at wrapSafe (internal/modules/cjs/loader.js:979:16)
    at Module._compile (internal/modules/cjs/loader.js:1027:27)
    at Object.Module._extensions..js (internal/modules/cjs/loader.js:1092:10)
    at Module.load (internal/modules/cjs/loader.js:928:32)
    at Function.Module._load (internal/modules/cjs/loader.js:769:14)
    at Module.require (internal/modules/cjs/loader.js:952:19)
    at require (internal/modules/cjs/helpers.js:88:18)
    at Object.<anonymous> (/home/giocom21/nodejs/vidly-api/startup/routes.js:6:19)
    at Module._compile (internal/modules/cjs/loader.js:1063:30)
    at Object.Module._extensions..js (internal/modules/cjs/loader.js:1092:10)
    at Module.load (internal/modules/cjs/loader.js:928:32)
    at Function.Module._load (internal/modules/cjs/loader.js:769:14)
    at Module.require (internal/modules/cjs/loader.js:952:19)
    at require (internal/modules/cjs/helpers.js:88:18)
    at Object.<anonymous> (/home/giocom21/nodejs/vidly-api/index.js:7:1)
    at Module._compile (internal/modules/cjs/loader.js:1063:30) {"error":{},"stack":"/home/giocom21/nodejs/vidly-api/src/routes/customers.js:64\n  if (!customer) retunr res.status(404).send('The customer with the given ID was not found.');\n                        ^^^\n\nSyntaxError: Unexpected identifier\n    at wrapSafe (internal/modules/cjs/loader.js:979:16)\n    at Module._compile (internal/modules/cjs/loader.js:1027:27)\n    at Object.Module._extensions..js (internal/modules/cjs/loader.js:1092:10)\n    at Module.load (internal/modules/cjs/loader.js:928:32)\n    at Function.Module._load (internal/modules/cjs/loader.js:769:14)\n    at Module.require (internal/modules/cjs/loader.js:952:19)\n    at require (internal/modules/cjs/helpers.js:88:18)\n    at Object.<anonymous> (/home/giocom21/nodejs/vidly-api/startup/routes.js:6:19)\n    at Module._compile (internal/modules/cjs/loader.js:1063:30)\n    at Object.Module._extensions..js (internal/modules/cjs/loader.js:1092:10)\n    at Module.load (internal/modules/cjs/loader.js:928:32)\n    at Function.Module._load (internal/modules/cjs/loader.js:769:14)\n    at Module.require (internal/modules/cjs/loader.js:952:19)\n    at require (internal/modules/cjs/helpers.js:88:18)\n    at Object.<anonymous> (/home/giocom21/nodejs/vidly-api/index.js:7:1)\n    at Module._compile (internal/modules/cjs/loader.js:1063:30)","exception":true,"date":"Thu Jun 03 2021 10:44:24 GMT-0500 (Colombia Standard Time)","process":{"pid":13909,"uid":1000,"gid":1000,"cwd":"/home/giocom21/nodejs/vidly-api","execPath":"/home/giocom21/.nvm/versions/node/v14.16.1/bin/node","version":"v14.16.1","argv":["/home/giocom21/.nvm/versions/node/v14.16.1/bin/node","/home/giocom21/nodejs/vidly-api/index.js"],"memoryUsage":{"rss":78979072,"heapTotal":39149568,"heapUsed":29599952,"external":21167909,"arrayBuffers":19609465}},"os":{"loadavg":[2.05,1.65,1.33],"uptime":6181},"trace":[{"column":16,"file":"internal/modules/cjs/loader.js","function":"wrapSafe","line":979,"method":null,"native":false},{"column":27,"file":"internal/modules/cjs/loader.js","function":"Module._compile","line":1027,"method":"_compile","native":false},{"column":10,"file":"internal/modules/cjs/loader.js","function":"Module._extensions..js","line":1092,"method":".js","native":false},{"column":32,"file":"internal/modules/cjs/loader.js","function":"Module.load","line":928,"method":"load","native":false},{"column":14,"file":"internal/modules/cjs/loader.js","function":"Module._load","line":769,"method":"_load","native":false},{"column":19,"file":"internal/modules/cjs/loader.js","function":"Module.require","line":952,"method":"require","native":false},{"column":18,"file":"internal/modules/cjs/helpers.js","function":"require","line":88,"method":null,"native":false},{"column":19,"file":"/home/giocom21/nodejs/vidly-api/startup/routes.js","function":null,"line":6,"method":null,"native":false},{"column":30,"file":"internal/modules/cjs/loader.js","function":"Module._compile","line":1063,"method":"_compile","native":false},{"column":10,"file":"internal/modules/cjs/loader.js","function":"Module._extensions..js","line":1092,"method":".js","native":false},{"column":32,"file":"internal/modules/cjs/loader.js","function":"Module.load","line":928,"method":"load","native":false},{"column":14,"file":"internal/modules/cjs/loader.js","function":"Module._load","line":769,"method":"_load","native":false},{"column":19,"file":"internal/modules/cjs/loader.js","function":"Module.require","line":952,"method":"require","native":false},{"column":18,"file":"internal/modules/cjs/helpers.js","function":"require","line":88,"method":null,"native":false},{"column":1,"file":"/home/giocom21/nodejs/vidly-api/index.js","function":null,"line":7,"method":null,"native":false},{"column":30,"file":"internal/modules/cjs/loader.js","function":"Module._compile","line":1063,"method":"_compile","native":false}]}
error: uncaughtException: missing ) after argument list
/home/giocom21/nodejs/vidly-api/src/routes/customers.js:67
}
^

SyntaxError: missing ) after argument list
    at wrapSafe (internal/modules/cjs/loader.js:979:16)
    at Module._compile (internal/modules/cjs/loader.js:1027:27)
    at Object.Module._extensions..js (internal/modules/cjs/loader.js:1092:10)
    at Module.load (internal/modules/cjs/loader.js:928:32)
    at Function.Module._load (internal/modules/cjs/loader.js:769:14)
    at Module.require (internal/modules/cjs/loader.js:952:19)
    at require (internal/modules/cjs/helpers.js:88:18)
    at Object.<anonymous> (/home/giocom21/nodejs/vidly-api/startup/routes.js:6:19)
    at Module._compile (internal/modules/cjs/loader.js:1063:30)
    at Object.Module._extensions..js (internal/modules/cjs/loader.js:1092:10)
    at Module.load (internal/modules/cjs/loader.js:928:32)
    at Function.Module._load (internal/modules/cjs/loader.js:769:14)
    at Module.require (internal/modules/cjs/loader.js:952:19)
    at require (internal/modules/cjs/helpers.js:88:18)
    at Object.<anonymous> (/home/giocom21/nodejs/vidly-api/index.js:7:1)
    at Module._compile (internal/modules/cjs/loader.js:1063:30) {"error":{},"stack":"/home/giocom21/nodejs/vidly-api/src/routes/customers.js:67\n}\n^\n\nSyntaxError: missing ) after argument list\n    at wrapSafe (internal/modules/cjs/loader.js:979:16)\n    at Module._compile (internal/modules/cjs/loader.js:1027:27)\n    at Object.Module._extensions..js (internal/modules/cjs/loader.js:1092:10)\n    at Module.load (internal/modules/cjs/loader.js:928:32)\n    at Function.Module._load (internal/modules/cjs/loader.js:769:14)\n    at Module.require (internal/modules/cjs/loader.js:952:19)\n    at require (internal/modules/cjs/helpers.js:88:18)\n    at Object.<anonymous> (/home/giocom21/nodejs/vidly-api/startup/routes.js:6:19)\n    at Module._compile (internal/modules/cjs/loader.js:1063:30)\n    at Object.Module._extensions..js (internal/modules/cjs/loader.js:1092:10)\n    at Module.load (internal/modules/cjs/loader.js:928:32)\n    at Function.Module._load (internal/modules/cjs/loader.js:769:14)\n    at Module.require (internal/modules/cjs/loader.js:952:19)\n    at require (internal/modules/cjs/helpers.js:88:18)\n    at Object.<anonymous> (/home/giocom21/nodejs/vidly-api/index.js:7:1)\n    at Module._compile (internal/modules/cjs/loader.js:1063:30)","exception":true,"date":"Thu Jun 03 2021 10:44:31 GMT-0500 (Colombia Standard Time)","process":{"pid":13933,"uid":1000,"gid":1000,"cwd":"/home/giocom21/nodejs/vidly-api","execPath":"/home/giocom21/.nvm/versions/node/v14.16.1/bin/node","version":"v14.16.1","argv":["/home/giocom21/.nvm/versions/node/v14.16.1/bin/node","/home/giocom21/nodejs/vidly-api/index.js"],"memoryUsage":{"rss":77987840,"heapTotal":39411712,"heapUsed":29681528,"external":21189027,"arrayBuffers":19630583}},"os":{"loadavg":[2.05,1.65,1.33],"uptime":6188},"trace":[{"column":16,"file":"internal/modules/cjs/loader.js","function":"wrapSafe","line":979,"method":null,"native":false},{"column":27,"file":"internal/modules/cjs/loader.js","function":"Module._compile","line":1027,"method":"_compile","native":false},{"column":10,"file":"internal/modules/cjs/loader.js","function":"Module._extensions..js","line":1092,"method":".js","native":false},{"column":32,"file":"internal/modules/cjs/loader.js","function":"Module.load","line":928,"method":"load","native":false},{"column":14,"file":"internal/modules/cjs/loader.js","function":"Module._load","line":769,"method":"_load","native":false},{"column":19,"file":"internal/modules/cjs/loader.js","function":"Module.require","line":952,"method":"require","native":false},{"column":18,"file":"internal/modules/cjs/helpers.js","function":"require","line":88,"method":null,"native":false},{"column":19,"file":"/home/giocom21/nodejs/vidly-api/startup/routes.js","function":null,"line":6,"method":null,"native":false},{"column":30,"file":"internal/modules/cjs/loader.js","function":"Module._compile","line":1063,"method":"_compile","native":false},{"column":10,"file":"internal/modules/cjs/loader.js","function":"Module._extensions..js","line":1092,"method":".js","native":false},{"column":32,"file":"internal/modules/cjs/loader.js","function":"Module.load","line":928,"method":"load","native":false},{"column":14,"file":"internal/modules/cjs/loader.js","function":"Module._load","line":769,"method":"_load","native":false},{"column":19,"file":"internal/modules/cjs/loader.js","function":"Module.require","line":952,"method":"require","native":false},{"column":18,"file":"internal/modules/cjs/helpers.js","function":"require","line":88,"method":null,"native":false},{"column":1,"file":"/home/giocom21/nodejs/vidly-api/index.js","function":null,"line":7,"method":null,"native":false},{"column":30,"file":"internal/modules/cjs/loader.js","function":"Module._compile","line":1063,"method":"_compile","native":false}]}
error: uncaughtException: missing ) after argument list
/home/giocom21/nodejs/vidly-api/src/routes/movies.js:23
}
^

SyntaxError: missing ) after argument list
    at wrapSafe (internal/modules/cjs/loader.js:979:16)
    at Module._compile (internal/modules/cjs/loader.js:1027:27)
    at Object.Module._extensions..js (internal/modules/cjs/loader.js:1092:10)
    at Module.load (internal/modules/cjs/loader.js:928:32)
    at Function.Module._load (internal/modules/cjs/loader.js:769:14)
    at Module.require (internal/modules/cjs/loader.js:952:19)
    at require (internal/modules/cjs/helpers.js:88:18)
    at Object.<anonymous> (/home/giocom21/nodejs/vidly-api/startup/routes.js:4:16)
    at Module._compile (internal/modules/cjs/loader.js:1063:30)
    at Object.Module._extensions..js (internal/modules/cjs/loader.js:1092:10)
    at Module.load (internal/modules/cjs/loader.js:928:32)
    at Function.Module._load (internal/modules/cjs/loader.js:769:14)
    at Module.require (internal/modules/cjs/loader.js:952:19)
    at require (internal/modules/cjs/helpers.js:88:18)
    at Object.<anonymous> (/home/giocom21/nodejs/vidly-api/index.js:7:1)
    at Module._compile (internal/modules/cjs/loader.js:1063:30) {"error":{},"stack":"/home/giocom21/nodejs/vidly-api/src/routes/movies.js:23\n}\n^\n\nSyntaxError: missing ) after argument list\n    at wrapSafe (internal/modules/cjs/loader.js:979:16)\n    at Module._compile (internal/modules/cjs/loader.js:1027:27)\n    at Object.Module._extensions..js (internal/modules/cjs/loader.js:1092:10)\n    at Module.load (internal/modules/cjs/loader.js:928:32)\n    at Function.Module._load (internal/modules/cjs/loader.js:769:14)\n    at Module.require (internal/modules/cjs/loader.js:952:19)\n    at require (internal/modules/cjs/helpers.js:88:18)\n    at Object.<anonymous> (/home/giocom21/nodejs/vidly-api/startup/routes.js:4:16)\n    at Module._compile (internal/modules/cjs/loader.js:1063:30)\n    at Object.Module._extensions..js (internal/modules/cjs/loader.js:1092:10)\n    at Module.load (internal/modules/cjs/loader.js:928:32)\n    at Function.Module._load (internal/modules/cjs/loader.js:769:14)\n    at Module.require (internal/modules/cjs/loader.js:952:19)\n    at require (internal/modules/cjs/helpers.js:88:18)\n    at Object.<anonymous> (/home/giocom21/nodejs/vidly-api/index.js:7:1)\n    at Module._compile (internal/modules/cjs/loader.js:1063:30)","exception":true,"date":"Thu Jun 03 2021 10:52:32 GMT-0500 (Colombia Standard Time)","process":{"pid":14228,"uid":1000,"gid":1000,"cwd":"/home/giocom21/nodejs/vidly-api","execPath":"/home/giocom21/.nvm/versions/node/v14.16.1/bin/node","version":"v14.16.1","argv":["/home/giocom21/.nvm/versions/node/v14.16.1/bin/node","/home/giocom21/nodejs/vidly-api/index.js"],"memoryUsage":{"rss":79441920,"heapTotal":41246720,"heapUsed":25776072,"external":19896784,"arrayBuffers":18338340}},"os":{"loadavg":[1.24,1.17,1.22],"uptime":6668},"trace":[{"column":16,"file":"internal/modules/cjs/loader.js","function":"wrapSafe","line":979,"method":null,"native":false},{"column":27,"file":"internal/modules/cjs/loader.js","function":"Module._compile","line":1027,"method":"_compile","native":false},{"column":10,"file":"internal/modules/cjs/loader.js","function":"Module._extensions..js","line":1092,"method":".js","native":false},{"column":32,"file":"internal/modules/cjs/loader.js","function":"Module.load","line":928,"method":"load","native":false},{"column":14,"file":"internal/modules/cjs/loader.js","function":"Module._load","line":769,"method":"_load","native":false},{"column":19,"file":"internal/modules/cjs/loader.js","function":"Module.require","line":952,"method":"require","native":false},{"column":18,"file":"internal/modules/cjs/helpers.js","function":"require","line":88,"method":null,"native":false},{"column":16,"file":"/home/giocom21/nodejs/vidly-api/startup/routes.js","function":null,"line":4,"method":null,"native":false},{"column":30,"file":"internal/modules/cjs/loader.js","function":"Module._compile","line":1063,"method":"_compile","native":false},{"column":10,"file":"internal/modules/cjs/loader.js","function":"Module._extensions..js","line":1092,"method":".js","native":false},{"column":32,"file":"internal/modules/cjs/loader.js","function":"Module.load","line":928,"method":"load","native":false},{"column":14,"file":"internal/modules/cjs/loader.js","function":"Module._load","line":769,"method":"_load","native":false},{"column":19,"file":"internal/modules/cjs/loader.js","function":"Module.require","line":952,"method":"require","native":false},{"column":18,"file":"internal/modules/cjs/helpers.js","function":"require","line":88,"method":null,"native":false},{"column":1,"file":"/home/giocom21/nodejs/vidly-api/index.js","function":null,"line":7,"method":null,"native":false},{"column":30,"file":"internal/modules/cjs/loader.js","function":"Module._compile","line":1063,"method":"_compile","native":false}]}
error: uncaughtException: connect ECONNREFUSED 127.0.0.1:27017
MongoServerSelectionError: connect ECONNREFUSED 127.0.0.1:27017
    at Timeout._onTimeout (/home/giocom21/nodejs/vidly-api/node_modules/mongodb/lib/core/sdam/topology.js:438:30)
    at listOnTimeout (internal/timers.js:554:17)
    at processTimers (internal/timers.js:497:7) {"error":{"name":"MongoServerSelectionError","reason":{"type":"Single","setName":null,"maxSetVersion":null,"maxElectionId":null,"servers":{},"stale":false,"compatible":true,"compatibilityError":null,"logicalSessionTimeoutMinutes":null,"heartbeatFrequencyMS":10000,"localThresholdMS":15,"commonWireVersion":6}},"stack":"MongoServerSelectionError: connect ECONNREFUSED 127.0.0.1:27017\n    at Timeout._onTimeout (/home/giocom21/nodejs/vidly-api/node_modules/mongodb/lib/core/sdam/topology.js:438:30)\n    at listOnTimeout (internal/timers.js:554:17)\n    at processTimers (internal/timers.js:497:7)","exception":true,"date":"Tue Jun 08 2021 12:38:51 GMT-0500 (Colombia Standard Time)","process":{"pid":18980,"uid":1000,"gid":1000,"cwd":"/home/giocom21/nodejs/vidly-api","execPath":"/home/giocom21/.nvm/versions/node/v14.16.1/bin/node","version":"v14.16.1","argv":["/home/giocom21/.nvm/versions/node/v14.16.1/bin/node","/home/giocom21/nodejs/vidly-api/index.js"],"memoryUsage":{"rss":59924480,"heapTotal":23015424,"heapUsed":20990888,"external":19797966,"arrayBuffers":18280702}},"os":{"loadavg":[0.4,0.52,0.77],"uptime":17176},"trace":[{"column":30,"file":"/home/giocom21/nodejs/vidly-api/node_modules/mongodb/lib/core/sdam/topology.js","function":"Timeout._onTimeout","line":438,"method":"_onTimeout","native":false},{"column":17,"file":"internal/timers.js","function":"listOnTimeout","line":554,"method":null,"native":false},{"column":7,"file":"internal/timers.js","function":"processTimers","line":497,"method":null,"native":false}]}
